SF:lib\src\app\presentation\authentification\components\sign_in_button.dart
DA:7,1
DA:9,1
DA:11,1
DA:12,1
DA:13,1
DA:16,1
DA:17,2
DA:18,1
LF:8
LH:8
end_of_record
SF:lib\src\app\presentation\authentification\pages\login_page.dart
DA:15,1
DA:19,1
DA:21,1
DA:22,1
DA:31,1
DA:33,1
DA:34,1
DA:37,1
DA:38,1
DA:39,0
DA:40,0
DA:42,0
DA:46,0
DA:47,0
DA:48,0
DA:49,0
DA:50,0
DA:52,0
DA:56,0
DA:58,0
DA:61,0
DA:63,0
DA:64,0
DA:65,0
DA:67,0
DA:71,1
DA:73,1
DA:74,2
DA:75,1
DA:76,1
DA:77,1
DA:78,1
DA:80,1
DA:81,1
DA:84,1
DA:85,1
DA:87,1
DA:88,1
DA:90,2
DA:95,1
DA:97,1
DA:108,1
DA:110,1
DA:112,2
DA:119,1
DA:121,1
DA:122,2
DA:130,1
DA:132,2
DA:140,1
DA:142,2
DA:150,1
DA:152,1
DA:154,1
DA:155,1
DA:157,3
DA:166,1
DA:167,0
DA:168,0
DA:174,1
DA:176,1
DA:177,1
DA:178,1
DA:179,1
DA:181,1
DA:184,1
DA:186,1
DA:189,3
DA:192,1
DA:193,1
DA:195,1
DA:205,1
DA:207,1
DA:208,1
DA:210,3
DA:213,1
DA:221,0
DA:222,0
LF:78
LH:58
end_of_record
SF:lib\src\app\service\login_service.dart
DA:6,0
DA:8,0
DA:10,0
LF:3
LH:0
end_of_record
SF:lib\src\app\service\user_service.dart
DA:7,0
DA:9,0
DA:11,0
DA:13,0
DA:15,0
DA:17,0
DA:18,0
DA:19,0
DA:22,0
DA:27,0
DA:29,0
DA:31,0
DA:36,0
DA:40,0
DA:42,0
DA:47,0
DA:49,0
DA:51,0
DA:56,0
DA:58,0
DA:60,0
DA:65,0
DA:67,0
DA:69,0
LF:24
LH:0
end_of_record
SF:lib\src\app\api\login_api.dart
DA:9,0
DA:11,0
DA:13,0
DA:23,0
DA:24,0
DA:30,0
DA:32,0
DA:33,0
DA:35,0
DA:36,0
DA:38,0
DA:40,0
LF:12
LH:0
end_of_record
SF:lib\src\config\exceptions.dart
DA:4,0
DA:10,0
DA:16,0
DA:22,0
DA:28,0
DA:34,0
LF:6
LH:0
end_of_record
SF:lib\src\config\api_config.dart
DA:12,0
DA:13,0
DA:14,0
DA:15,0
DA:17,0
DA:18,0
DA:22,0
DA:23,0
DA:27,0
DA:28,0
LF:10
LH:0
end_of_record
SF:lib\src\app\presentation\authentification\components\login_textfield.dart
DA:8,1
DA:15,1
DA:17,1
DA:19,1
DA:20,1
DA:21,1
DA:22,1
DA:26,1
DA:27,2
DA:29,1
DA:31,1
DA:32,2
LF:12
LH:12
end_of_record
SF:lib\src\config\theme.dart
DA:7,60
DA:37,0
DA:38,0
DA:40,0
DA:44,0
DA:65,0
DA:66,0
DA:67,0
DA:68,0
DA:69,0
DA:70,0
DA:71,0
DA:72,0
DA:73,0
DA:74,0
DA:75,0
DA:76,0
DA:77,0
DA:78,0
DA:79,0
DA:80,0
DA:81,0
DA:82,0
DA:84,0
DA:87,0
DA:90,0
DA:91,0
DA:92,0
DA:93,0
DA:94,0
DA:95,0
DA:96,0
DA:97,0
DA:98,0
DA:99,0
DA:100,0
DA:101,0
DA:102,0
DA:103,0
DA:104,0
DA:105,0
DA:106,0
DA:107,0
DA:108,0
DA:109,0
DA:110,0
DA:111,0
LF:47
LH:1
end_of_record
SF:lib\src\app\presentation\authentification\controller\login_controller.dart
DA:23,0
DA:25,0
DA:28,0
DA:30,0
DA:33,0
DA:35,0
DA:38,2
DA:40,2
DA:43,0
DA:44,0
DA:45,0
DA:46,0
DA:47,0
DA:49,0
DA:53,0
DA:55,0
DA:57,0
DA:59,0
DA:61,0
DA:64,0
DA:65,0
DA:68,0
DA:69,0
DA:72,0
DA:73,0
DA:75,0
DA:79,0
DA:80,0
DA:81,0
DA:83,0
DA:84,0
DA:85,0
DA:88,0
DA:89,0
DA:97,0
DA:98,0
DA:100,0
DA:101,0
DA:102,0
DA:103,0
DA:104,0
DA:106,0
DA:114,0
DA:115,0
DA:116,0
LF:45
LH:2
end_of_record
SF:lib\src\config\app_state.dart
DA:38,0
DA:40,0
DA:42,0
DA:43,0
DA:44,0
DA:47,0
DA:48,0
DA:49,0
DA:50,0
DA:51,0
DA:54,0
DA:55,0
DA:56,0
DA:57,0
DA:60,0
DA:62,0
DA:63,0
DA:64,0
DA:79,0
DA:81,0
DA:83,0
DA:84,0
DA:87,0
DA:88,0
DA:89,0
DA:90,0
DA:91,0
DA:94,0
DA:98,0
DA:101,0
DA:102,0
DA:104,0
DA:107,0
DA:108,0
DA:111,0
DA:113,0
DA:120,0
DA:121,0
DA:123,0
DA:124,0
DA:126,0
DA:129,0
DA:130,0
DA:131,0
DA:133,0
DA:134,0
DA:137,0
DA:138,0
DA:140,0
DA:141,0
DA:144,0
DA:145,0
DA:146,0
DA:151,0
DA:152,0
DA:154,0
DA:155,0
DA:157,0
DA:159,0
DA:160,0
DA:161,0
DA:162,0
DA:165,0
DA:167,0
DA:170,0
DA:174,0
DA:175,0
DA:177,0
DA:180,0
DA:181,0
DA:183,0
DA:186,0
DA:187,0
DA:190,0
DA:191,0
DA:195,0
DA:196,0
DA:198,0
DA:200,0
DA:203,0
DA:205,0
DA:208,0
DA:209,0
DA:211,0
DA:213,0
DA:214,0
DA:215,0
DA:216,0
DA:218,0
DA:221,0
DA:227,0
DA:228,0
DA:230,0
DA:231,0
DA:232,0
DA:242,0
DA:243,0
DA:245,0
DA:246,0
DA:249,0
DA:250,0
DA:251,0
DA:252,0
DA:263,0
DA:266,0
DA:271,0
DA:272,0
DA:273,0
DA:279,0
DA:280,0
DA:281,0
DA:282,0
DA:285,0
DA:287,0
DA:288,0
DA:297,0
DA:298,0
DA:299,0
DA:302,0
DA:305,0
DA:306,0
DA:310,0
DA:313,0
DA:314,0
DA:315,0
DA:316,0
LF:126
LH:0
end_of_record
SF:lib\src\app\model\user_model.dart
DA:19,2
DA:37,0
DA:38,0
DA:39,0
DA:40,0
DA:41,0
DA:42,0
DA:43,0
DA:44,0
DA:45,0
DA:46,0
DA:47,0
DA:48,0
DA:49,0
DA:50,0
DA:51,0
DA:52,0
DA:53,0
DA:54,0
DA:57,0
DA:58,0
DA:59,0
DA:60,0
DA:61,0
DA:62,0
DA:63,0
DA:64,0
DA:65,0
DA:66,0
DA:67,0
DA:68,0
DA:69,0
DA:70,0
DA:71,0
DA:72,0
DA:73,0
LF:36
LH:1
end_of_record
SF:lib\src\app\service\location_service.dart
DA:10,0
DA:11,0
DA:12,0
DA:13,0
DA:16,0
DA:18,0
DA:19,0
DA:21,0
DA:24,0
DA:25,0
DA:29,0
DA:31,0
DA:34,0
DA:35,0
DA:37,0
DA:38,0
DA:39,0
DA:40,0
DA:42,0
DA:44,0
DA:45,0
DA:47,0
DA:48,0
DA:49,0
DA:50,0
DA:52,0
DA:54,0
DA:55,0
DA:58,0
DA:59,0
DA:62,0
DA:63,0
LF:32
LH:0
end_of_record
SF:lib\src\app\api\conversation_api.dart
DA:8,0
DA:9,0
DA:10,0
DA:11,0
DA:13,0
DA:15,0
LF:6
LH:0
end_of_record
SF:lib\src\app\api\interfaces\paginated_api.dart
DA:12,0
DA:14,0
DA:16,0
DA:18,0
DA:21,0
DA:22,0
DA:25,0
DA:28,0
DA:31,0
DA:33,0
DA:36,0
DA:39,0
DA:41,0
DA:44,0
DA:47,0
DA:49,0
DA:52,0
DA:55,0
DA:57,0
LF:19
LH:0
end_of_record
SF:lib\src\app\model\factories\conversation_factory.dart
DA:7,0
DA:9,0
DA:11,0
DA:12,0
LF:4
LH:0
end_of_record
SF:lib\src\app\model\conversation_model.dart
DA:6,2
DA:12,0
DA:13,0
DA:14,0
DA:15,0
DA:16,0
DA:20,2
DA:25,4
DA:26,2
DA:29,0
LF:10
LH:4
end_of_record
SF:lib\src\app\api\helpers\jwt_api.dart
DA:7,0
DA:9,0
DA:12,0
DA:18,0
DA:19,0
DA:21,0
DA:25,0
DA:28,0
DA:31,0
DA:33,0
DA:39,0
DA:40,0
DA:42,0
DA:45,0
DA:48,0
DA:50,0
DA:52,0
DA:54,0
LF:18
LH:0
end_of_record
SF:lib\src\app\api\helpers\pagination_api.dart
DA:15,0
DA:16,0
DA:17,0
DA:18,0
DA:21,0
DA:24,0
DA:26,0
DA:27,0
DA:28,0
DA:29,0
DA:31,0
DA:32,0
DA:35,0
DA:36,0
DA:38,0
DA:44,0
DA:45,0
DA:48,0
DA:49,0
DA:52,0
DA:53,0
DA:54,0
DA:56,0
DA:57,0
DA:63,0
DA:65,0
DA:66,0
DA:70,0
DA:73,0
DA:74,0
DA:76,0
LF:31
LH:0
end_of_record
SF:lib\src\app\api\interfaces\baseApi.dart
DA:6,0
LF:1
LH:0
end_of_record
SF:lib\src\app\api\match_api.dart
DA:8,0
DA:9,0
DA:10,0
DA:11,0
DA:13,0
DA:14,0
LF:6
LH:0
end_of_record
SF:lib\src\app\model\factories\MatchFactory.dart
DA:8,0
DA:10,0
DA:12,0
DA:13,0
LF:4
LH:0
end_of_record
SF:lib\src\app\model\match_model.dart
DA:6,2
DA:12,0
DA:13,0
DA:14,0
DA:15,0
DA:16,0
DA:20,0
DA:21,0
DA:22,0
DA:25,0
LF:10
LH:1
end_of_record
SF:lib\src\app\api\message_api.dart
DA:8,0
DA:9,0
DA:11,0
DA:12,0
LF:4
LH:0
end_of_record
SF:lib\src\app\model\factories\MessageFactory.dart
DA:8,0
DA:10,0
DA:12,0
DA:13,0
LF:4
LH:0
end_of_record
SF:lib\src\app\model\message_model.dart
DA:10,2
DA:20,0
DA:21,0
DA:22,0
DA:23,0
DA:24,0
DA:25,0
DA:26,0
DA:27,0
DA:28,0
DA:31,0
DA:32,0
DA:33,0
DA:34,0
DA:35,0
DA:36,0
DA:37,0
DA:38,0
DA:39,0
DA:43,0
DA:44,0
DA:45,0
DA:48,0
LF:23
LH:1
end_of_record
SF:lib\src\app\api\picture_api.dart
DA:15,0
DA:17,0
DA:18,0
DA:19,0
DA:20,0
DA:21,0
DA:22,0
DA:23,0
DA:27,0
DA:28,0
DA:30,0
DA:32,0
DA:33,0
DA:35,0
DA:38,0
DA:39,0
DA:40,0
DA:42,0
LF:18
LH:0
end_of_record
SF:lib\src\app\api\user_api.dart
DA:19,0
DA:20,0
DA:21,0
DA:23,0
DA:24,0
DA:26,0
DA:28,0
DA:30,0
DA:31,0
DA:32,0
DA:34,0
DA:35,0
DA:36,0
DA:37,0
DA:39,0
DA:43,0
DA:45,0
DA:46,0
DA:47,0
DA:50,0
DA:51,0
DA:52,0
DA:55,0
DA:57,0
DA:60,0
DA:61,0
DA:62,0
DA:64,0
DA:65,0
DA:66,0
DA:67,0
DA:69,0
DA:73,0
DA:74,0
DA:78,0
DA:79,0
DA:80,0
DA:83,0
DA:85,0
DA:88,0
DA:89,0
DA:90,0
DA:92,0
DA:93,0
DA:94,0
DA:95,0
DA:97,0
DA:101,0
DA:103,0
DA:107,0
DA:108,0
DA:109,0
DA:112,0
DA:114,0
DA:117,0
DA:118,0
DA:119,0
DA:121,0
DA:122,0
DA:123,0
DA:124,0
DA:126,0
DA:130,0
DA:131,0
DA:132,0
DA:133,0
DA:134,0
DA:137,0
DA:141,0
DA:142,0
DA:143,0
DA:145,0
DA:146,0
DA:147,0
DA:148,0
DA:150,0
LF:76
LH:0
end_of_record
SF:lib\src\app\exceptions\bad_request_exception.dart
DA:4,0
LF:1
LH:0
end_of_record
SF:lib\src\app\exceptions\not_found_exception.dart
DA:4,0
LF:1
LH:0
end_of_record
SF:lib\src\app\model\factories\user_factory.dart
DA:8,0
DA:10,0
DA:12,0
DA:13,0
LF:4
LH:0
end_of_record
SF:lib\src\app\model\collection_model.dart
DA:10,0
DA:11,0
DA:13,4
DA:15,4
DA:16,2
DA:18,0
DA:19,0
DA:22,0
DA:24,0
DA:28,0
DA:31,0
DA:32,0
DA:33,0
DA:36,0
DA:37,0
DA:40,0
DA:41,0
DA:44,0
DA:45,0
DA:49,0
LF:20
LH:3
end_of_record
SF:lib\src\app\service\interfaces\paginated_service.dart
DA:5,0
DA:7,0
DA:9,0
DA:10,0
DA:13,0
DA:14,0
DA:17,0
DA:18,0
DA:21,0
DA:22,0
DA:25,0
DA:26,0
LF:12
LH:0
end_of_record
SF:lib\src\app\model\notification_model.dart
DA:5,0
DA:6,0
DA:7,0
DA:9,0
DA:10,0
LF:5
LH:0
end_of_record
SF:lib\src\app\presentation\authentification\pages\logout_page.dart
DA:7,9
DA:11,0
DA:13,0
DA:15,0
DA:17,0
DA:18,0
DA:20,0
DA:21,0
DA:22,0
DA:23,0
DA:27,0
DA:28,0
DA:30,0
DA:32,0
DA:33,0
DA:37,0
LF:16
LH:1
end_of_record
SF:lib\src\app\presentation\chat\components\chat_bubble.dart
DA:14,0
DA:16,0
DA:18,0
DA:19,0
DA:23,0
DA:25,0
DA:26,0
DA:27,0
DA:29,0
DA:30,0
DA:32,0
DA:33,0
DA:34,0
DA:36,0
LF:14
LH:0
end_of_record
SF:lib\src\app\presentation\chat\components\chat_image.dart
DA:13,0
DA:15,0
DA:16,0
DA:25,0
DA:26,0
DA:30,0
DA:31,0
DA:34,0
DA:36,0
DA:37,0
DA:38,0
DA:40,0
DA:41,0
DA:42,0
DA:44,0
DA:48,0
DA:49,0
DA:50,0
DA:55,0
DA:56,0
DA:57,0
DA:59,0
LF:22
LH:0
end_of_record
SF:lib\src\app\service\image_service.dart
DA:13,0
DA:15,0
DA:16,0
DA:19,0
DA:20,0
LF:5
LH:0
end_of_record
SF:lib\src\app\presentation\chat\components\menu_item.dart
DA:11,5
DA:13,0
DA:15,0
DA:16,0
DA:17,0
DA:18,0
DA:19,0
DA:20,0
DA:21,0
DA:22,0
DA:24,0
DA:25,0
DA:26,0
DA:27,0
DA:28,0
DA:29,0
DA:31,0
LF:17
LH:1
end_of_record
SF:lib\src\app\presentation\chat\components\message_input.dart
DA:14,1
DA:18,0
DA:19,0
DA:23,0
DA:24,0
DA:25,0
DA:26,0
DA:27,0
DA:28,0
DA:31,0
DA:32,0
DA:33,0
DA:36,1
DA:38,1
DA:39,1
DA:40,1
DA:41,2
DA:42,1
DA:43,1
DA:47,1
DA:52,1
DA:53,0
LF:22
LH:10
end_of_record
SF:lib\src\app\presentation\chat\components\popup_menu.dart
DA:12,1
DA:14,0
DA:15,0
DA:19,0
DA:25,0
DA:28,0
DA:29,0
DA:30,0
DA:33,0
DA:34,0
DA:35,0
DA:38,0
DA:41,0
DA:42,0
DA:43,0
DA:48,0
DA:50,0
DA:51,0
DA:65,1
DA:67,1
DA:69,1
DA:70,1
DA:75,0
DA:76,0
DA:83,0
DA:84,0
DA:85,0
LF:27
LH:5
end_of_record
SF:lib\src\app\presentation\chat\components\message_item.dart
DA:13,0
DA:15,0
DA:18,0
DA:19,0
DA:20,0
DA:22,0
DA:24,0
DA:27,0
DA:28,0
DA:29,0
DA:30,0
DA:31,0
DA:32,0
DA:34,0
DA:40,0
DA:41,0
DA:45,0
DA:46,0
DA:47,0
DA:52,0
DA:57,0
DA:58,0
DA:62,0
DA:63,0
DA:64,0
DA:65,0
DA:66,0
DA:67,0
DA:69,0
DA:71,0
DA:73,0
DA:74,0
DA:77,0
LF:33
LH:0
end_of_record
SF:lib\src\app\presentation\chat\components\message_list.dart
DA:15,1
DA:17,1
DA:18,1
DA:24,1
DA:26,1
DA:28,1
DA:30,0
DA:31,0
DA:32,0
DA:35,0
DA:36,0
DA:37,0
DA:40,0
DA:41,0
DA:47,1
DA:48,1
DA:49,5
DA:51,0
DA:54,4
DA:56,1
DA:59,0
DA:61,0
DA:66,0
DA:68,0
LF:24
LH:11
end_of_record
SF:lib\src\app\service\message_service.dart
DA:6,0
DA:8,0
DA:10,0
LF:3
LH:0
end_of_record
SF:lib\src\app\presentation\chat\pages\messages_page.dart
DA:16,1
DA:20,3
DA:22,1
DA:23,1
DA:27,1
DA:29,3
DA:31,1
DA:34,2
DA:35,2
DA:36,1
DA:38,1
DA:39,1
DA:40,1
DA:41,1
DA:42,1
DA:43,1
DA:44,1
DA:45,4
DA:47,3
DA:48,6
LF:20
LH:20
end_of_record
SF:lib\src\app\service\conversation_service.dart
DA:8,0
DA:10,0
DA:12,0
LF:3
LH:0
end_of_record
SF:lib\src\app\service\match_service.dart
DA:8,0
DA:10,0
DA:12,0
LF:3
LH:0
end_of_record
SF:lib\src\config\connection.dart
DA:1,0
LF:1
LH:0
end_of_record
SF:lib\src\app\presentation\chat\components\list_tile.dart
DA:15,1
DA:21,1
DA:23,2
DA:27,1
DA:28,1
DA:29,0
DA:30,0
DA:31,0
DA:33,0
DA:38,0
DA:41,0
DA:44,1
DA:45,1
DA:46,1
DA:50,6
DA:55,4
DA:58,1
DA:59,1
DA:60,1
DA:64,7
DA:69,0
DA:72,1
DA:73,1
DA:74,1
DA:78,6
DA:83,1
LF:26
LH:19
end_of_record
SF:lib\src\app\presentation\chat\components\titled_list.dart
DA:15,1
DA:24,1
DA:26,3
DA:27,2
DA:28,3
DA:31,2
DA:32,2
DA:33,4
DA:34,1
DA:35,1
DA:43,1
DA:44,1
DA:45,1
DA:46,1
DA:47,1
DA:48,1
DA:49,1
DA:50,1
DA:51,2
DA:52,2
DA:53,0
DA:55,1
DA:56,2
DA:57,1
DA:58,2
LF:25
LH:24
end_of_record
SF:lib\src\app\presentation\chat\pages\conversations_page.dart
DA:12,3
DA:14,1
DA:15,1
DA:21,1
DA:23,2
DA:24,2
DA:27,1
DA:28,1
DA:30,1
DA:31,4
DA:32,1
DA:33,1
DA:34,1
DA:36,1
DA:40,4
DA:41,1
DA:42,1
DA:43,1
DA:44,1
DA:48,4
DA:49,1
DA:55,1
DA:57,1
DA:60,4
DA:62,1
DA:63,1
DA:64,1
DA:65,1
DA:66,2
DA:67,4
LF:30
LH:30
end_of_record
SF:lib\src\app\presentation\chat\components\avatar.dart
DA:10,7
DA:12,1
DA:17,6
DA:23,1
DA:25,1
DA:27,1
DA:29,1
DA:30,1
DA:31,2
DA:32,1
DA:34,1
DA:35,1
DA:37,1
DA:40,2
LF:14
LH:14
end_of_record
SF:lib\src\app\presentation\home\pages\home.dart
DA:16,1
DA:20,1
DA:22,1
DA:23,1
DA:34,1
DA:35,2
DA:36,1
DA:40,1
DA:42,1
DA:43,0
DA:44,0
DA:45,0
DA:46,1
DA:47,0
DA:48,0
DA:49,0
DA:50,0
DA:51,2
DA:52,0
DA:53,0
DA:55,1
DA:56,2
DA:57,1
DA:58,1
DA:62,0
DA:63,0
DA:64,0
DA:65,0
DA:67,0
DA:68,0
DA:69,0
DA:71,0
DA:74,0
DA:77,1
DA:79,1
DA:80,0
DA:87,3
DA:88,1
DA:89,4
DA:94,0
DA:95,0
DA:96,0
DA:100,1
DA:102,1
DA:103,3
DA:106,1
DA:108,1
DA:109,1
DA:111,1
DA:112,1
DA:113,1
DA:114,2
DA:115,1
DA:116,4
DA:119,1
DA:120,1
DA:121,2
DA:122,0
DA:124,2
DA:143,1
DA:144,4
DA:145,1
DA:146,0
DA:148,0
DA:154,1
DA:155,1
DA:157,1
DA:158,2
DA:160,2
DA:166,0
DA:167,0
DA:168,0
DA:169,0
DA:174,0
DA:175,0
DA:179,0
DA:180,0
DA:181,0
DA:182,0
DA:185,0
DA:186,0
DA:187,0
DA:188,0
DA:189,0
LF:84
LH:44
end_of_record
SF:lib\src\app\service\swipe_status_service.dart
DA:6,0
DA:8,0
DA:10,0
DA:17,0
DA:19,0
LF:5
LH:0
end_of_record
SF:lib\src\app\presentation\swipe\util\algo_id_notifier.dart
DA:6,4
DA:8,0
DA:9,0
DA:10,0
LF:4
LH:1
end_of_record
SF:lib\src\app\api\swipe_status_api.dart
DA:7,0
DA:9,0
DA:10,0
DA:11,0
DA:12,0
DA:15,0
DA:19,0
DA:20,0
DA:22,0
DA:26,0
DA:27,0
DA:28,0
DA:29,0
DA:32,0
DA:36,0
DA:37,0
DA:39,0
LF:17
LH:0
end_of_record
SF:lib\src\app\presentation\profile\pages\profile.dart
DA:12,0
DA:14,0
DA:15,0
DA:19,0
DA:21,0
DA:22,0
DA:25,0
DA:26,0
DA:27,0
DA:28,0
DA:29,0
DA:39,0
DA:41,0
DA:42,0
DA:43,0
DA:45,0
DA:47,0
DA:49,0
DA:50,0
DA:51,0
DA:53,0
DA:54,0
DA:55,0
DA:56,0
DA:57,0
DA:60,0
DA:61,0
DA:66,0
DA:68,0
DA:69,0
DA:70,0
DA:71,0
DA:74,0
DA:75,0
DA:76,0
DA:79,0
DA:81,0
DA:84,0
DA:85,0
DA:87,0
DA:88,0
LF:41
LH:0
end_of_record
SF:lib\src\app\presentation\swipe\pages\swipe.dart
DA:27,2
DA:29,2
DA:31,2
DA:32,2
DA:53,2
DA:55,2
DA:57,2
DA:60,2
DA:62,2
DA:64,6
DA:65,2
DA:66,0
DA:67,0
DA:68,0
DA:73,6
DA:75,10
DA:76,0
DA:77,0
DA:78,0
DA:79,0
DA:80,0
DA:81,0
DA:85,2
DA:86,6
DA:87,2
DA:88,0
DA:92,2
DA:93,4
DA:94,0
DA:97,0
DA:98,0
DA:99,0
DA:100,0
DA:101,0
DA:102,0
DA:103,0
DA:107,0
DA:108,0
DA:109,0
DA:110,0
DA:114,0
DA:116,0
DA:117,0
DA:118,0
DA:119,0
DA:120,0
DA:121,0
DA:122,0
DA:123,0
DA:124,0
DA:128,0
DA:129,0
DA:131,0
DA:132,0
DA:133,0
DA:135,0
DA:139,0
DA:140,0
DA:142,0
DA:143,0
DA:146,0
DA:149,0
DA:151,0
DA:152,0
DA:153,0
DA:159,0
DA:160,0
DA:161,0
DA:162,0
DA:163,0
DA:164,0
DA:165,0
DA:167,0
DA:168,0
DA:169,0
DA:171,0
DA:173,0
DA:174,0
DA:175,0
DA:176,0
DA:181,0
DA:182,0
DA:183,0
DA:187,0
DA:189,0
DA:190,0
DA:191,0
DA:193,0
DA:194,0
DA:196,0
DA:200,0
DA:201,0
DA:202,0
DA:203,0
DA:204,0
DA:205,0
DA:207,0
DA:214,0
DA:218,0
DA:224,2
DA:226,4
DA:227,0
DA:228,0
DA:229,0
DA:233,0
DA:234,0
DA:235,0
DA:236,0
DA:237,0
DA:238,0
DA:239,0
DA:240,0
DA:241,0
DA:242,0
DA:246,2
DA:248,4
DA:250,2
LF:117
LH:23
end_of_record
SF:lib\src\app\presentation\registration\pages\widgets\summary_textfield.dart
DA:11,0
DA:17,0
DA:19,0
DA:20,0
DA:21,0
DA:22,0
DA:23,0
DA:24,0
DA:26,0
DA:27,0
DA:28,0
DA:29,0
DA:30,0
DA:38,0
DA:39,0
DA:41,0
DA:42,0
DA:43,0
DA:44,0
DA:45,0
DA:48,0
DA:49,0
DA:52,0
LF:23
LH:0
end_of_record
SF:lib\src\app\presentation\swipe\components\swiping_card.dart
DA:23,0
DA:44,0
DA:45,0
DA:57,0
DA:59,0
DA:60,0
DA:61,0
DA:62,0
DA:63,0
DA:64,0
DA:65,0
DA:70,0
DA:73,0
DA:74,0
DA:75,0
DA:76,0
DA:80,0
DA:82,0
DA:83,0
DA:84,0
DA:85,0
DA:91,0
DA:92,0
DA:93,0
DA:95,0
DA:98,0
DA:100,0
DA:101,0
DA:103,0
DA:104,0
DA:107,0
DA:108,0
DA:109,0
DA:110,0
DA:111,0
DA:112,0
DA:114,0
DA:115,0
DA:116,0
DA:117,0
DA:118,0
DA:119,0
DA:120,0
DA:121,0
DA:124,0
DA:125,0
DA:126,0
DA:127,0
DA:128,0
DA:129,0
DA:130,0
DA:131,0
DA:132,0
DA:134,0
DA:135,0
DA:136,0
DA:140,0
DA:141,0
DA:142,0
DA:146,0
DA:147,0
DA:148,0
DA:149,0
DA:152,0
DA:153,0
DA:160,0
DA:161,0
DA:162,0
DA:165,0
DA:166,0
DA:169,0
DA:170,0
DA:176,0
DA:178,0
DA:179,0
DA:180,0
DA:181,0
DA:185,0
DA:186,0
DA:189,0
DA:190,0
DA:193,0
DA:194,0
DA:195,0
DA:196,0
DA:197,0
DA:199,0
DA:200,0
DA:201,0
DA:202,0
DA:203,0
DA:204,0
DA:205,0
DA:207,0
DA:208,0
DA:209,0
DA:211,0
DA:212,0
DA:213,0
DA:214,0
DA:215,0
DA:216,0
DA:219,0
DA:222,0
DA:223,0
DA:225,0
DA:227,0
DA:231,0
DA:232,0
DA:233,0
DA:234,0
DA:235,0
DA:236,0
DA:237,0
DA:238,0
DA:245,0
DA:247,0
DA:249,0
DA:250,0
DA:256,0
DA:259,0
DA:260,0
DA:268,0
DA:269,0
DA:270,0
DA:271,0
DA:273,0
DA:276,0
DA:277,0
DA:278,0
DA:279,0
DA:282,0
DA:285,0
DA:286,0
DA:287,0
DA:288,0
DA:297,0
DA:298,0
DA:300,0
DA:301,0
DA:303,0
DA:305,0
DA:306,0
DA:312,0
DA:313,0
DA:315,0
DA:317,0
DA:318,0
DA:328,0
DA:329,0
DA:330,0
DA:333,0
DA:335,0
DA:336,0
DA:337,0
DA:339,0
DA:340,0
DA:341,0
DA:342,0
DA:343,0
DA:344,0
DA:345,0
DA:349,0
DA:350,0
DA:352,0
DA:354,0
DA:355,0
DA:357,0
DA:358,0
DA:359,0
DA:361,0
DA:362,0
DA:363,0
DA:364,0
DA:365,0
DA:366,0
DA:367,0
DA:371,0
DA:372,0
DA:374,0
DA:376,0
DA:377,0
DA:383,0
DA:385,0
DA:386,0
LF:185
LH:0
end_of_record
SF:lib\src\app\presentation\swipe\util\interests.dart
DA:6,0
DA:7,0
DA:8,0
DA:9,0
DA:10,0
DA:11,0
DA:12,0
DA:13,0
DA:14,0
DA:15,0
DA:16,0
DA:17,0
DA:18,0
DA:19,0
DA:20,0
DA:21,0
DA:22,0
DA:23,0
DA:24,0
DA:25,0
DA:26,0
DA:27,0
DA:28,0
DA:31,0
DA:32,0
DA:33,0
DA:35,0
DA:39,0
DA:40,0
LF:29
LH:0
end_of_record
SF:lib\src\app\presentation\swipe\util\swipes_left.dart
DA:5,0
DA:7,0
DA:8,0
DA:9,0
DA:10,0
DA:16,0
DA:18,0
DA:19,0
LF:8
LH:0
end_of_record
SF:lib\src\app\presentation\swipe\util\content.dart
DA:10,0
LF:1
LH:0
end_of_record
SF:lib\src\app\presentation\swipe\util\matching_algorithm.dart
DA:5,0
DA:7,0
DA:8,0
DA:13,0
DA:15,0
DA:16,0
LF:6
LH:0
end_of_record
SF:lib\src\app\presentation\swipe\util\shared_swipeable_event.dart
DA:4,6
DA:6,0
DA:7,0
LF:3
LH:1
end_of_record
SF:lib\src\app\presentation\swipe\util\swipeable_event.dart
DA:7,6
DA:9,0
DA:10,0
DA:11,0
DA:14,0
DA:15,0
DA:18,0
DA:19,0
DA:22,0
DA:23,0
LF:10
LH:1
end_of_record
